#! /usr/bin/vvp
:ivl_version "12.0 (stable)";
:ivl_delay_selection "TYPICAL";
:vpi_time_precision + 0;
:vpi_module "/usr/lib64/ivl/system.vpi";
:vpi_module "/usr/lib64/ivl/vhdl_sys.vpi";
:vpi_module "/usr/lib64/ivl/vhdl_textio.vpi";
:vpi_module "/usr/lib64/ivl/v2005_math.vpi";
:vpi_module "/usr/lib64/ivl/va_math.vpi";
S_0x559f4aed0510 .scope module, "i2c_recv" "i2c_recv" 2 2;
 .timescale 0 0;
    .port_info 0 /INPUT 1 "SCL";
    .port_info 1 /INOUT 1 "SDA";
    .port_info 2 /OUTPUT 7 "data";
P_0x559f4af0afd0 .param/l "device_addr" 0 2 14, C4<1110111>;
o0x7f48ddfae018 .functor BUFZ 1, C4<z>; HiZ drive
v0x559f4aed0780_0 .net "SCL", 0 0, o0x7f48ddfae018;  0 drivers
v0x559f4af1fe70_0 .net "SDA", 0 0, L_0x559f4af20820;  1 drivers
v0x559f4af1ff30_0 .var "SDA_drv", 0 0;
v0x559f4af1ffd0_0 .var "SDA_prev", 0 0;
L_0x7f48ddf65018 .functor BUFT 1, C4<0>, C4<0>, C4<0>, C4<0>;
v0x559f4af20090_0 .net/2u *"_ivl_0", 0 0, L_0x7f48ddf65018;  1 drivers
v0x559f4af201c0_0 .var "addr_buffer", 6 0;
v0x559f4af202a0_0 .var "addr_count", 2 0;
v0x559f4af20380_0 .var "addr_verified", 0 0;
v0x559f4af20440_0 .var "data", 6 0;
v0x559f4af20520_0 .var "data_buffer", 6 0;
v0x559f4af20600_0 .var "data_count", 2 0;
v0x559f4af206e0_0 .var "detect_flag", 0 0;
E_0x559f4af0a810/0 .event anyedge, v0x559f4af1fe70_0;
E_0x559f4af0a810/1 .event negedge, v0x559f4aed0780_0;
E_0x559f4af0a810 .event/or E_0x559f4af0a810/0, E_0x559f4af0a810/1;
E_0x559f4af0a040/0 .event anyedge, v0x559f4af1fe70_0;
E_0x559f4af0a040/1 .event posedge, v0x559f4aed0780_0;
E_0x559f4af0a040 .event/or E_0x559f4af0a040/0, E_0x559f4af0a040/1;
L_0x559f4af20820 .functor MUXZ 1, L_0x559f4af20820, L_0x7f48ddf65018, v0x559f4af1ff30_0, C4<>;
    .scope S_0x559f4aed0510;
T_0 ;
    %pushi/vec4 0, 0, 1;
    %store/vec4 v0x559f4af206e0_0, 0, 1;
    %pushi/vec4 0, 0, 1;
    %store/vec4 v0x559f4af20380_0, 0, 1;
    %pushi/vec4 0, 0, 3;
    %store/vec4 v0x559f4af202a0_0, 0, 3;
    %pushi/vec4 0, 0, 3;
    %store/vec4 v0x559f4af20600_0, 0, 3;
    %pushi/vec4 1, 0, 1;
    %store/vec4 v0x559f4af1ff30_0, 0, 1;
    %end;
    .thread T_0;
    .scope S_0x559f4aed0510;
T_1 ;
    %wait E_0x559f4af0a040;
    %load/vec4 v0x559f4af1fe70_0;
    %assign/vec4 v0x559f4af1ffd0_0, 0;
    %load/vec4 v0x559f4af1ffd0_0;
    %load/vec4 v0x559f4af1fe70_0;
    %or;
    %load/vec4 v0x559f4aed0780_0;
    %and;
    %assign/vec4 v0x559f4af206e0_0, 0;
    %jmp T_1;
    .thread T_1;
    .scope S_0x559f4aed0510;
T_2 ;
    %wait E_0x559f4af0a810;
    %load/vec4 v0x559f4af202a0_0;
    %cmpi/ne 7, 0, 3;
    %flag_get/vec4 4;
    %jmp/0 T_2.3, 4;
    %load/vec4 v0x559f4af20380_0;
    %nor/r;
    %and;
T_2.3;
    %flag_set/vec4 9;
    %flag_get/vec4 9;
    %jmp/0 T_2.2, 9;
    %load/vec4 v0x559f4af206e0_0;
    %and;
T_2.2;
    %flag_set/vec4 8;
    %jmp/0xz  T_2.0, 8;
    %load/vec4 v0x559f4af1fe70_0;
    %ix/load 5, 0, 0;
    %ix/getv 4, v0x559f4af202a0_0;
    %assign/vec4/off/d v0x559f4af201c0_0, 4, 5;
    %load/vec4 v0x559f4af202a0_0;
    %pad/u 7;
    %addi 1, 0, 7;
    %pad/u 3;
    %assign/vec4 v0x559f4af202a0_0, 0;
    %jmp T_2.1;
T_2.0 ;
    %load/vec4 v0x559f4af202a0_0;
    %cmpi/e 7, 0, 3;
    %flag_get/vec4 4;
    %jmp/0 T_2.6, 4;
    %load/vec4 v0x559f4af201c0_0;
    %pushi/vec4 119, 0, 7;
    %cmp/e;
    %flag_get/vec4 4;
    %and;
T_2.6;
    %flag_set/vec4 8;
    %jmp/0xz  T_2.4, 8;
    %pushi/vec4 0, 0, 3;
    %assign/vec4 v0x559f4af202a0_0, 0;
    %pushi/vec4 0, 0, 7;
    %assign/vec4 v0x559f4af201c0_0, 0;
    %pushi/vec4 1, 0, 1;
    %assign/vec4 v0x559f4af20380_0, 0;
T_2.4 ;
T_2.1 ;
    %load/vec4 v0x559f4af20600_0;
    %cmpi/ne 7, 0, 3;
    %flag_get/vec4 4;
    %jmp/0 T_2.10, 4;
    %load/vec4 v0x559f4af20380_0;
    %and;
T_2.10;
    %flag_set/vec4 9;
    %flag_get/vec4 9;
    %jmp/0 T_2.9, 9;
    %load/vec4 v0x559f4af206e0_0;
    %and;
T_2.9;
    %flag_set/vec4 8;
    %jmp/0xz  T_2.7, 8;
    %pushi/vec4 1, 0, 1;
    %assign/vec4 v0x559f4af1ff30_0, 0;
    %load/vec4 v0x559f4af20600_0;
    %addi 1, 0, 3;
    %assign/vec4 v0x559f4af20600_0, 0;
    %load/vec4 v0x559f4af1fe70_0;
    %ix/load 5, 0, 0;
    %ix/getv 4, v0x559f4af20600_0;
    %assign/vec4/off/d v0x559f4af20520_0, 4, 5;
    %jmp T_2.8;
T_2.7 ;
    %load/vec4 v0x559f4af20600_0;
    %cmpi/e 7, 0, 3;
    %jmp/0xz  T_2.11, 4;
    %pushi/vec4 0, 0, 1;
    %assign/vec4 v0x559f4af1ff30_0, 0;
    %load/vec4 v0x559f4af201c0_0;
    %assign/vec4 v0x559f4af20440_0, 0;
    %pushi/vec4 0, 0, 7;
    %assign/vec4 v0x559f4af20520_0, 0;
T_2.11 ;
T_2.8 ;
    %jmp T_2;
    .thread T_2;
# The file index is used to find the file name in the following table.
:file_names 3;
    "N/A";
    "<interactive>";
    "i2c_slave.sv";
