#! /usr/bin/vvp
:ivl_version "12.0 (stable)";
:ivl_delay_selection "TYPICAL";
:vpi_time_precision - 12;
:vpi_module "/usr/lib64/ivl/system.vpi";
:vpi_module "/usr/lib64/ivl/vhdl_sys.vpi";
:vpi_module "/usr/lib64/ivl/vhdl_textio.vpi";
:vpi_module "/usr/lib64/ivl/v2005_math.vpi";
:vpi_module "/usr/lib64/ivl/va_math.vpi";
S_0x555d5f518d50 .scope module, "top_tb" "top_tb" 2 3;
 .timescale -9 -12;
L_0x555d5f5273a0 .functor BUFT 1, C8<551>, C4<0>, C4<0>, C4<0>;
v0x555d5f5860e0_0 .net8 "SCL", 0 0, L_0x555d5f5273a0;  1 drivers, strength-aware
L_0x555d5f526b10 .functor BUFT 1, C8<551>, C4<0>, C4<0>, C4<0>;
v0x555d5f586230_0 .net8 "SDA", 0 0, L_0x555d5f526b10;  1 drivers, strength-aware
v0x555d5f5862f0_0 .net "TX", 0 0, v0x555d5f584ef0_0;  1 drivers
v0x555d5f5863e0_0 .var "addressToSend", 6 0;
v0x555d5f586480_0 .var "clk", 0 0;
v0x555d5f586590_0 .var "dataToSend1", 7 0;
v0x555d5f586670_0 .var "dataToSend2", 7 0;
v0x555d5f586750_0 .var "dataToSend3", 7 8;
v0x555d5f586830_0 .var/i "ii", 31 0;
v0x555d5f5869a0_0 .var "readWite", 0 0;
v0x555d5f586a60_0 .var "rst", 0 0;
S_0x555d5f524b50 .scope module, "UUT" "top" 2 39, 3 5 0, S_0x555d5f518d50;
 .timescale 0 0;
    .port_info 0 /INPUT 1 "SCL";
    .port_info 1 /INPUT 1 "SDA";
    .port_info 2 /INPUT 1 "reset";
    .port_info 3 /OUTPUT 1 "TX";
L_0x555d5f527ad0 .functor OR 1, v0x555d5f5853f0_0, L_0x555d5f586fa0, C4<0>, C4<0>;
L_0x555d5f528020 .functor NOT 1, v0x555d5f585250_0, C4<0>, C4<0>, C4<0>;
L_0x555d5f55a640 .functor AND 1, L_0x555d5f527ad0, L_0x555d5f528020, C4<1>, C4<1>;
v0x555d5f5855b0_0 .net8 "SCL", 0 0, L_0x555d5f5273a0;  alias, 1 drivers, strength-aware
v0x555d5f585670_0 .net8 "SDA", 0 0, L_0x555d5f526b10;  alias, 1 drivers, strength-aware
v0x555d5f585730_0 .net "TX", 0 0, v0x555d5f584ef0_0;  alias, 1 drivers
v0x555d5f585830_0 .net *"_ivl_0", 0 0, L_0x555d5f527ad0;  1 drivers
v0x555d5f5858d0_0 .net *"_ivl_2", 0 0, L_0x555d5f528020;  1 drivers
v0x555d5f585970_0 .net "en_read", 0 0, L_0x555d5f55a640;  1 drivers
v0x555d5f585a10_0 .net "en_write", 0 0, L_0x555d5f586fa0;  1 drivers
v0x555d5f585b00_0 .net "i2c_buffer", 7 0, L_0x555d5f587640;  1 drivers
v0x555d5f585bf0_0 .net "o_Tx_Active", 0 0, v0x555d5f585250_0;  1 drivers
v0x555d5f585d20_0 .net "o_Tx_Done", 0 0, v0x555d5f5853f0_0;  1 drivers
v0x555d5f585dc0_0 .net "reset", 0 0, v0x555d5f586a60_0;  1 drivers
v0x555d5f585e60_0 .net "uart_buff", 7 0, v0x555d5f582480_0;  1 drivers
v0x555d5f585f50_0 .var "uart_en", 0 0;
v0x555d5f585ff0_0 .net "underflow", 0 0, v0x555d5f582880_0;  1 drivers
S_0x555d5f4f1470 .scope module, "fifo" "fifo" 3 28, 4 1 0, S_0x555d5f524b50;
 .timescale 0 0;
    .port_info 0 /INPUT 8 "i_data";
    .port_info 1 /INPUT 1 "en_read";
    .port_info 2 /INPUT 1 "en_write";
    .port_info 3 /INPUT 1 "reset";
    .port_info 4 /INPUT 1 "clk";
    .port_info 5 /OUTPUT 1 "overflow";
    .port_info 6 /OUTPUT 1 "underflow";
    .port_info 7 /OUTPUT 8 "o_data";
P_0x555d5f526c30 .param/l "Size" 1 4 12, +C4<00000000000000000000000000010000>;
P_0x555d5f526c70 .param/l "Size1" 1 4 13, +C4<000000000000000000000000000001111>;
P_0x555d5f526cb0 .param/l "count" 1 4 14, +C4<00000000000000000000000000000001>;
v0x555d5f526d00_0 .net *"_ivl_0", 31 0, L_0x555d5f587780;  1 drivers
L_0x7f59203c61c8 .functor BUFT 1, C4<01>, C4<0>, C4<0>, C4<0>;
v0x555d5f527540_0 .net/2s *"_ivl_10", 1 0, L_0x7f59203c61c8;  1 drivers
v0x555d5f527bf0_0 .net *"_ivl_12", 1 0, L_0x555d5f597a70;  1 drivers
L_0x7f59203c60f0 .functor BUFT 1, C4<000000000000000000000000000>, C4<0>, C4<0>, C4<0>;
v0x555d5f5281c0_0 .net *"_ivl_3", 26 0, L_0x7f59203c60f0;  1 drivers
L_0x7f59203c6138 .functor BUFT 1, C4<00000000000000000000000000000000>, C4<0>, C4<0>, C4<0>;
v0x555d5f55a7e0_0 .net/2u *"_ivl_4", 31 0, L_0x7f59203c6138;  1 drivers
v0x555d5f55a880_0 .net *"_ivl_6", 0 0, L_0x555d5f597930;  1 drivers
L_0x7f59203c6180 .functor BUFT 1, C4<00>, C4<0>, C4<0>, C4<0>;
v0x555d5f55afc0_0 .net/2s *"_ivl_8", 1 0, L_0x7f59203c6180;  1 drivers
v0x555d5f582080_0 .net8 "clk", 0 0, L_0x555d5f5273a0;  alias, 1 drivers, strength-aware
v0x555d5f582140_0 .net "en_read", 0 0, L_0x555d5f55a640;  alias, 1 drivers
v0x555d5f582200_0 .net "en_write", 0 0, L_0x555d5f586fa0;  alias, 1 drivers
v0x555d5f5822c0_0 .var/i "i", 31 0;
v0x555d5f5823a0_0 .net "i_data", 7 0, L_0x555d5f587640;  alias, 1 drivers
v0x555d5f582480_0 .var "o_data", 7 0;
v0x555d5f582560_0 .net "overflow", 0 0, L_0x555d5f597c30;  1 drivers
v0x555d5f582620_0 .var "ptr_wr", 4 0;
v0x555d5f582700 .array "register", 15 0, 7 0;
v0x555d5f5827c0_0 .net "reset", 0 0, v0x555d5f586a60_0;  alias, 1 drivers
v0x555d5f582880_0 .var "underflow", 0 0;
E_0x555d5f542770 .event posedge, v0x555d5f5827c0_0, v0x555d5f582080_0;
E_0x555d5f543700 .event posedge, v0x555d5f582080_0;
L_0x555d5f587780 .concat [ 5 27 0 0], v0x555d5f582620_0, L_0x7f59203c60f0;
L_0x555d5f597930 .cmp/ne 32, L_0x555d5f587780, L_0x7f59203c6138;
L_0x555d5f597a70 .functor MUXZ 2, L_0x7f59203c61c8, L_0x7f59203c6180, L_0x555d5f597930, C4<>;
L_0x555d5f597c30 .part L_0x555d5f597a70, 0, 1;
S_0x555d5f582a40 .scope module, "i2c" "i2c_slave" 3 20, 5 1 0, S_0x555d5f524b50;
 .timescale 0 0;
    .port_info 0 /INPUT 1 "SCL";
    .port_info 1 /INPUT 1 "RST";
    .port_info 2 /INPUT 1 "SDA";
    .port_info 3 /OUTPUT 1 "ack_bit";
    .port_info 4 /OUTPUT 8 "out";
P_0x555d5f582bf0 .param/l "STATE_DEV_ADDR" 0 5 10, C4<01>;
P_0x555d5f582c30 .param/l "STATE_IDLE" 0 5 9, C4<00>;
P_0x555d5f582c70 .param/l "STATE_READ" 0 5 11, C4<10>;
P_0x555d5f582cb0 .param/l "STATE_WRITE" 0 5 12, C4<11>;
P_0x555d5f582cf0 .param/l "device_address" 0 5 7, C4<1000111>;
L_0x555d5f55ae20 .functor OR 1, v0x555d5f586a60_0, v0x555d5f583ee0_0, C4<0>, C4<0>;
L_0x555d5f586d90 .functor OR 1, v0x555d5f586a60_0, v0x555d5f584200_0, C4<0>, C4<0>;
L_0x555d5f586fa0 .functor AND 1, L_0x555d5f586e00, L_0x555d5f586ed0, C4<1>, C4<1>;
L_0x555d5f587210 .functor BUFZ 1, L_0x555d5f526b10, C4<0>, C4<0>, C4<0>;
v0x555d5f582fd0_0 .net "RST", 0 0, v0x555d5f586a60_0;  alias, 1 drivers
v0x555d5f583090_0 .net8 "SCL", 0 0, L_0x555d5f5273a0;  alias, 1 drivers, strength-aware
v0x555d5f583130_0 .net8 "SDA", 0 0, L_0x555d5f526b10;  alias, 1 drivers, strength-aware
L_0x7f59203c6060 .functor BUFT 1, C4<1000111>, C4<0>, C4<0>, C4<0>;
v0x555d5f583200_0 .net/2u *"_ivl_12", 6 0, L_0x7f59203c6060;  1 drivers
v0x555d5f5832a0_0 .net *"_ivl_23", 7 0, L_0x555d5f587530;  1 drivers
L_0x7f59203c60a8 .functor BUFT 1, C4<00000000>, C4<0>, C4<0>, C4<0>;
v0x555d5f5833d0_0 .net/2u *"_ivl_24", 7 0, L_0x7f59203c60a8;  1 drivers
L_0x7f59203c6018 .functor BUFT 1, C4<1001>, C4<0>, C4<0>, C4<0>;
v0x555d5f5834b0_0 .net/2u *"_ivl_4", 3 0, L_0x7f59203c6018;  1 drivers
v0x555d5f583590_0 .net *"_ivl_6", 0 0, L_0x555d5f586e00;  1 drivers
v0x555d5f583650_0 .net *"_ivl_9", 0 0, L_0x555d5f586ed0;  1 drivers
v0x555d5f583710_0 .net "ack_bit", 0 0, L_0x555d5f586fa0;  alias, 1 drivers
v0x555d5f5837b0_0 .var "addr_act_bit", 0 0;
v0x555d5f583850_0 .net "addr_buffer", 6 0, L_0x555d5f587340;  1 drivers
v0x555d5f583930_0 .net "address_detect", 0 0, L_0x555d5f5870f0;  1 drivers
v0x555d5f5839f0_0 .var "bit_counter", 3 0;
v0x555d5f583ad0_0 .var "buffer", 8 0;
v0x555d5f583bb0_0 .net "out", 7 0, L_0x555d5f587640;  alias, 1 drivers
v0x555d5f583ca0_0 .net "out_buffer", 7 0, L_0x555d5f587410;  1 drivers
v0x555d5f583d60_0 .net "read_write_bit", 0 0, L_0x555d5f587210;  1 drivers
v0x555d5f583e20_0 .var "start_detect", 0 0;
v0x555d5f583ee0_0 .var "start_resetter", 0 0;
v0x555d5f583fa0_0 .net "start_rst", 0 0, L_0x555d5f55ae20;  1 drivers
v0x555d5f584060_0 .var "state", 2 0;
v0x555d5f584140_0 .var "stop_detect", 0 0;
v0x555d5f584200_0 .var "stop_resetter", 0 0;
v0x555d5f5842c0_0 .net "stop_rst", 0 0, L_0x555d5f586d90;  1 drivers
E_0x555d5f5433c0 .event posedge, v0x555d5f583130_0, v0x555d5f5842c0_0;
E_0x555d5f5422b0/0 .event negedge, v0x555d5f582080_0;
E_0x555d5f5422b0/1 .event posedge, v0x555d5f5827c0_0;
E_0x555d5f5422b0 .event/or E_0x555d5f5422b0/0, E_0x555d5f5422b0/1;
E_0x555d5f542a30/0 .event negedge, v0x555d5f583130_0;
E_0x555d5f542a30/1 .event posedge, v0x555d5f583fa0_0;
E_0x555d5f542a30 .event/or E_0x555d5f542a30/0, E_0x555d5f542a30/1;
L_0x555d5f586e00 .cmp/eq 4, v0x555d5f5839f0_0, L_0x7f59203c6018;
L_0x555d5f586ed0 .reduce/nor v0x555d5f583e20_0;
L_0x555d5f5870f0 .cmp/eq 7, L_0x555d5f587340, L_0x7f59203c6060;
L_0x555d5f587340 .part v0x555d5f583ad0_0, 0, 7;
L_0x555d5f587410 .part v0x555d5f583ad0_0, 0, 8;
L_0x555d5f587530 .part v0x555d5f583ad0_0, 0, 8;
L_0x555d5f587640 .functor MUXZ 8, L_0x7f59203c60a8, L_0x555d5f587530, L_0x555d5f586fa0, C4<>;
S_0x555d5f584450 .scope module, "uart" "uart_tx" 3 41, 6 11 0, S_0x555d5f524b50;
 .timescale 0 0;
    .port_info 0 /INPUT 1 "i_Clock";
    .port_info 1 /INPUT 1 "i_Tx_DV";
    .port_info 2 /INPUT 8 "i_Tx_Byte";
    .port_info 3 /OUTPUT 1 "o_Tx_Active";
    .port_info 4 /OUTPUT 1 "o_Tx_Serial";
    .port_info 5 /OUTPUT 1 "o_Tx_Done";
P_0x555d5f5845e0 .param/l "CLKS_PER_BIT" 0 6 12, +C4<00000000000000000000000000000010>;
P_0x555d5f584620 .param/l "s_CLEANUP" 1 6 26, C4<100>;
P_0x555d5f584660 .param/l "s_IDLE" 1 6 22, C4<000>;
P_0x555d5f5846a0 .param/l "s_TX_DATA_BITS" 1 6 24, C4<010>;
P_0x555d5f5846e0 .param/l "s_TX_START_BIT" 1 6 23, C4<001>;
P_0x555d5f584720 .param/l "s_TX_STOP_BIT" 1 6 25, C4<011>;
v0x555d5f584ac0_0 .net8 "i_Clock", 0 0, L_0x555d5f5273a0;  alias, 1 drivers, strength-aware
v0x555d5f584bb0_0 .net "i_Tx_Byte", 7 0, v0x555d5f582480_0;  alias, 1 drivers
v0x555d5f584c70_0 .net "i_Tx_DV", 0 0, v0x555d5f585f50_0;  1 drivers
v0x555d5f584d40_0 .net "o_Tx_Active", 0 0, v0x555d5f585250_0;  alias, 1 drivers
v0x555d5f584de0_0 .net "o_Tx_Done", 0 0, v0x555d5f5853f0_0;  alias, 1 drivers
v0x555d5f584ef0_0 .var "o_Tx_Serial", 0 0;
v0x555d5f584fb0_0 .var "r_Bit_Index", 2 0;
v0x555d5f585090_0 .var "r_Clock_Count", 7 0;
v0x555d5f585170_0 .var "r_SM_Main", 2 0;
v0x555d5f585250_0 .var "r_Tx_Active", 0 0;
v0x555d5f585310_0 .var "r_Tx_Data", 7 0;
v0x555d5f5853f0_0 .var "r_Tx_Done", 0 0;
    .scope S_0x555d5f582a40;
T_0 ;
    %wait E_0x555d5f542a30;
    %load/vec4 v0x555d5f583fa0_0;
    %flag_set/vec4 8;
    %jmp/0xz  T_0.0, 8;
    %pushi/vec4 0, 0, 1;
    %assign/vec4 v0x555d5f583e20_0, 0;
    %jmp T_0.1;
T_0.0 ;
    %load/vec4 v0x555d5f583090_0;
    %assign/vec4 v0x555d5f583e20_0, 0;
T_0.1 ;
    %jmp T_0;
    .thread T_0;
    .scope S_0x555d5f582a40;
T_1 ;
    %wait E_0x555d5f542770;
    %load/vec4 v0x555d5f582fd0_0;
    %flag_set/vec4 8;
    %jmp/0xz  T_1.0, 8;
    %pushi/vec4 0, 0, 1;
    %assign/vec4 v0x555d5f583ee0_0, 0;
    %jmp T_1.1;
T_1.0 ;
    %load/vec4 v0x555d5f583e20_0;
    %assign/vec4 v0x555d5f583ee0_0, 0;
T_1.1 ;
    %jmp T_1;
    .thread T_1;
    .scope S_0x555d5f582a40;
T_2 ;
    %wait E_0x555d5f5422b0;
    %load/vec4 v0x555d5f582fd0_0;
    %flag_set/vec4 8;
    %jmp/0xz  T_2.0, 8;
    %pushi/vec4 0, 0, 3;
    %assign/vec4 v0x555d5f584060_0, 0;
    %jmp T_2.1;
T_2.0 ;
    %load/vec4 v0x555d5f583e20_0;
    %flag_set/vec4 8;
    %jmp/0xz  T_2.2, 8;
    %pushi/vec4 1, 0, 3;
    %assign/vec4 v0x555d5f584060_0, 0;
    %jmp T_2.3;
T_2.2 ;
    %load/vec4 v0x555d5f5837b0_0;
    %flag_set/vec4 8;
    %jmp/0xz  T_2.4, 8;
    %load/vec4 v0x555d5f584060_0;
    %dup/vec4;
    %pushi/vec4 0, 0, 3;
    %cmp/u;
    %jmp/1 T_2.6, 6;
    %dup/vec4;
    %pushi/vec4 1, 0, 3;
    %cmp/u;
    %jmp/1 T_2.7, 6;
    %dup/vec4;
    %pushi/vec4 2, 0, 3;
    %cmp/u;
    %jmp/1 T_2.8, 6;
    %dup/vec4;
    %pushi/vec4 3, 0, 3;
    %cmp/u;
    %jmp/1 T_2.9, 6;
    %jmp T_2.10;
T_2.6 ;
    %pushi/vec4 0, 0, 3;
    %assign/vec4 v0x555d5f584060_0, 0;
    %jmp T_2.10;
T_2.7 ;
    %load/vec4 v0x555d5f583930_0;
    %nor/r;
    %flag_set/vec4 8;
    %jmp/0xz  T_2.11, 8;
    %pushi/vec4 0, 0, 3;
    %assign/vec4 v0x555d5f584060_0, 0;
    %jmp T_2.12;
T_2.11 ;
    %load/vec4 v0x555d5f583d60_0;
    %flag_set/vec4 8;
    %jmp/0xz  T_2.13, 8;
    %pushi/vec4 2, 0, 3;
    %assign/vec4 v0x555d5f584060_0, 0;
    %jmp T_2.14;
T_2.13 ;
    %pushi/vec4 3, 0, 3;
    %assign/vec4 v0x555d5f584060_0, 0;
T_2.14 ;
T_2.12 ;
    %jmp T_2.10;
T_2.8 ;
    %pushi/vec4 2, 0, 3;
    %assign/vec4 v0x555d5f584060_0, 0;
    %jmp T_2.10;
T_2.9 ;
    %pushi/vec4 3, 0, 3;
    %assign/vec4 v0x555d5f584060_0, 0;
    %jmp T_2.10;
T_2.10 ;
    %pop/vec4 1;
    %jmp T_2.5;
T_2.4 ;
    %load/vec4 v0x555d5f584140_0;
    %flag_set/vec4 8;
    %jmp/0xz  T_2.15, 8;
    %pushi/vec4 0, 0, 3;
    %assign/vec4 v0x555d5f584060_0, 0;
T_2.15 ;
T_2.5 ;
T_2.3 ;
T_2.1 ;
    %jmp T_2;
    .thread T_2;
    .scope S_0x555d5f582a40;
T_3 ;
    %wait E_0x555d5f5433c0;
    %load/vec4 v0x555d5f5842c0_0;
    %flag_set/vec4 8;
    %jmp/0xz  T_3.0, 8;
    %pushi/vec4 0, 0, 1;
    %assign/vec4 v0x555d5f584140_0, 0;
    %jmp T_3.1;
T_3.0 ;
    %load/vec4 v0x555d5f583090_0;
    %assign/vec4 v0x555d5f584140_0, 0;
T_3.1 ;
    %jmp T_3;
    .thread T_3;
    .scope S_0x555d5f582a40;
T_4 ;
    %wait E_0x555d5f542770;
    %load/vec4 v0x555d5f582fd0_0;
    %flag_set/vec4 8;
    %jmp/0xz  T_4.0, 8;
    %pushi/vec4 0, 0, 1;
    %assign/vec4 v0x555d5f584200_0, 0;
    %jmp T_4.1;
T_4.0 ;
    %load/vec4 v0x555d5f584140_0;
    %assign/vec4 v0x555d5f584200_0, 0;
T_4.1 ;
    %jmp T_4;
    .thread T_4;
    .scope S_0x555d5f582a40;
T_5 ;
    %wait E_0x555d5f543700;
    %load/vec4 v0x555d5f5837b0_0;
    %flag_set/vec4 8;
    %jmp/1 T_5.4, 8;
    %load/vec4 v0x555d5f583710_0;
    %flag_set/vec4 9;
    %flag_or 8, 9;
T_5.4;
    %jmp/1 T_5.3, 8;
    %load/vec4 v0x555d5f583e20_0;
    %flag_set/vec4 9;
    %flag_or 8, 9;
T_5.3;
    %jmp/1 T_5.2, 8;
    %load/vec4 v0x555d5f584060_0;
    %cmpi/e 0, 0, 3;
    %flag_or 8, 4;
T_5.2;
    %jmp/0xz  T_5.0, 8;
    %pushi/vec4 0, 0, 4;
    %assign/vec4 v0x555d5f5839f0_0, 0;
    %jmp T_5.1;
T_5.0 ;
    %load/vec4 v0x555d5f5839f0_0;
    %addi 1, 0, 4;
    %assign/vec4 v0x555d5f5839f0_0, 0;
T_5.1 ;
    %jmp T_5;
    .thread T_5;
    .scope S_0x555d5f582a40;
T_6 ;
    %wait E_0x555d5f543700;
    %load/vec4 v0x555d5f583710_0;
    %nor/r;
    %flag_set/vec4 8;
    %jmp/0xz  T_6.0, 8;
    %load/vec4 v0x555d5f583ad0_0;
    %parti/s 8, 0, 2;
    %load/vec4 v0x555d5f583130_0;
    %concat/vec4; draw_concat_vec4
    %assign/vec4 v0x555d5f583ad0_0, 0;
T_6.0 ;
    %jmp T_6;
    .thread T_6;
    .scope S_0x555d5f582a40;
T_7 ;
    %wait E_0x555d5f543700;
    %load/vec4 v0x555d5f5839f0_0;
    %cmpi/e 5, 0, 4;
    %flag_get/vec4 4;
    %jmp/0 T_7.1, 4;
    %load/vec4 v0x555d5f583e20_0;
    %nor/r;
    %and;
T_7.1;
    %flag_set/vec4 8;
    %flag_get/vec4 8;
    %jmp/0 T_7.0, 8;
    %load/vec4 v0x555d5f584060_0;
    %pushi/vec4 1, 0, 3;
    %cmp/e;
    %flag_get/vec4 4;
    %and;
T_7.0;
    %store/vec4 v0x555d5f5837b0_0, 0, 1;
    %jmp T_7;
    .thread T_7;
    .scope S_0x555d5f4f1470;
T_8 ;
    %wait E_0x555d5f542770;
    %load/vec4 v0x555d5f582140_0;
    %flag_set/vec4 10;
    %flag_get/vec4 10;
    %jmp/0 T_8.3, 10;
    %load/vec4 v0x555d5f5827c0_0;
    %inv;
    %and;
T_8.3;
    %flag_set/vec4 9;
    %flag_get/vec4 9;
    %jmp/0 T_8.2, 9;
    %load/vec4 v0x555d5f582200_0;
    %inv;
    %and;
T_8.2;
    %flag_set/vec4 8;
    %jmp/0xz  T_8.0, 8;
    %load/vec4 v0x555d5f582880_0;
    %nor/r;
    %flag_set/vec4 8;
    %jmp/0xz  T_8.4, 8;
    %ix/load 4, 15, 0;
    %flag_set/imm 4, 0;
    %load/vec4a v0x555d5f582700, 4;
    %assign/vec4 v0x555d5f582480_0, 0;
    %pushi/vec4 15, 0, 32;
    %store/vec4 v0x555d5f5822c0_0, 0, 32;
T_8.6 ;
    %load/vec4 v0x555d5f5822c0_0;
    %cmpi/s 0, 0, 32;
    %flag_or 5, 4; GT is !LE
    %flag_inv 5;
    %jmp/0xz T_8.7, 5;
    %load/vec4 v0x555d5f5822c0_0;
    %subi 1, 0, 32;
    %ix/vec4/s 4;
    %load/vec4a v0x555d5f582700, 4;
    %ix/getv/s 3, v0x555d5f5822c0_0;
    %ix/load 4, 0, 0; Constant delay
    %assign/vec4/a/d v0x555d5f582700, 0, 4;
    %load/vec4 v0x555d5f5822c0_0;
    %subi 1, 0, 32;
    %store/vec4 v0x555d5f5822c0_0, 0, 32;
    %jmp T_8.6;
T_8.7 ;
    %load/vec4 v0x555d5f582620_0;
    %addi 1, 0, 5;
    %assign/vec4 v0x555d5f582620_0, 0;
T_8.4 ;
T_8.0 ;
    %jmp T_8;
    .thread T_8;
    .scope S_0x555d5f4f1470;
T_9 ;
    %wait E_0x555d5f543700;
    %load/vec4 v0x555d5f582620_0;
    %pad/u 32;
    %cmpi/e 15, 0, 32;
    %flag_get/vec4 4;
    %jmp/0 T_9.2, 4;
    %load/vec4 v0x555d5f582200_0;
    %load/vec4 v0x555d5f582140_0;
    %and;
    %inv;
    %and;
T_9.2;
    %flag_set/vec4 8;
    %jmp/0 T_9.0, 8;
    %pushi/vec4 1, 0, 2;
    %jmp/1 T_9.1, 8;
T_9.0 ; End of true expr.
    %pushi/vec4 0, 0, 2;
    %jmp/0 T_9.1, 8;
 ; End of false expr.
    %blend;
T_9.1;
    %pad/s 1;
    %assign/vec4 v0x555d5f582880_0, 0;
    %jmp T_9;
    .thread T_9;
    .scope S_0x555d5f4f1470;
T_10 ;
    %wait E_0x555d5f543700;
    %load/vec4 v0x555d5f582140_0;
    %flag_set/vec4 11;
    %flag_get/vec4 11;
    %jmp/0 T_10.4, 11;
    %load/vec4 v0x555d5f582200_0;
    %and;
T_10.4;
    %flag_set/vec4 10;
    %flag_get/vec4 10;
    %jmp/0 T_10.3, 10;
    %load/vec4 v0x555d5f5827c0_0;
    %inv;
    %and;
T_10.3;
    %flag_set/vec4 9;
    %flag_get/vec4 9;
    %jmp/0 T_10.2, 9;
    %load/vec4 v0x555d5f582620_0;
    %pad/u 32;
    %pushi/vec4 15, 0, 32;
    %cmp/e;
    %flag_get/vec4 4;
    %and;
T_10.2;
    %flag_set/vec4 8;
    %jmp/0xz  T_10.0, 8;
    %load/vec4 v0x555d5f5823a0_0;
    %assign/vec4 v0x555d5f582480_0, 0;
T_10.0 ;
    %jmp T_10;
    .thread T_10;
    .scope S_0x555d5f4f1470;
T_11 ;
    %wait E_0x555d5f542770;
    %load/vec4 v0x555d5f5827c0_0;
    %flag_set/vec4 8;
    %jmp/0xz  T_11.0, 8;
    %pushi/vec4 0, 0, 32;
    %store/vec4 v0x555d5f5822c0_0, 0, 32;
T_11.2 ;
    %load/vec4 v0x555d5f5822c0_0;
    %cmpi/s 16, 0, 32;
    %jmp/0xz T_11.3, 5;
    %pushi/vec4 0, 0, 8;
    %ix/getv/s 4, v0x555d5f5822c0_0;
    %store/vec4a v0x555d5f582700, 4, 0;
    %load/vec4 v0x555d5f5822c0_0;
    %addi 1, 0, 32;
    %store/vec4 v0x555d5f5822c0_0, 0, 32;
    %jmp T_11.2;
T_11.3 ;
    %pushi/vec4 0, 0, 8;
    %assign/vec4 v0x555d5f582480_0, 0;
    %pushi/vec4 15, 0, 5;
    %assign/vec4 v0x555d5f582620_0, 0;
    %jmp T_11.1;
T_11.0 ;
    %load/vec4 v0x555d5f582200_0;
    %flag_set/vec4 9;
    %flag_get/vec4 9;
    %jmp/0 T_11.6, 9;
    %load/vec4 v0x555d5f582140_0;
    %inv;
    %and;
T_11.6;
    %flag_set/vec4 8;
    %jmp/0xz  T_11.4, 8;
    %load/vec4 v0x555d5f5823a0_0;
    %load/vec4 v0x555d5f582620_0;
    %pad/u 6;
    %ix/vec4 3;
    %ix/load 4, 0, 0; Constant delay
    %assign/vec4/a/d v0x555d5f582700, 0, 4;
    %load/vec4 v0x555d5f582560_0;
    %nor/r;
    %flag_set/vec4 8;
    %jmp/0xz  T_11.7, 8;
    %load/vec4 v0x555d5f582620_0;
    %subi 1, 0, 5;
    %assign/vec4 v0x555d5f582620_0, 0;
T_11.7 ;
T_11.4 ;
T_11.1 ;
    %jmp T_11;
    .thread T_11;
    .scope S_0x555d5f584450;
T_12 ;
    %pushi/vec4 0, 0, 3;
    %store/vec4 v0x555d5f585170_0, 0, 3;
    %pushi/vec4 0, 0, 8;
    %store/vec4 v0x555d5f585090_0, 0, 8;
    %pushi/vec4 0, 0, 3;
    %store/vec4 v0x555d5f584fb0_0, 0, 3;
    %pushi/vec4 0, 0, 8;
    %store/vec4 v0x555d5f585310_0, 0, 8;
    %pushi/vec4 0, 0, 1;
    %store/vec4 v0x555d5f5853f0_0, 0, 1;
    %pushi/vec4 0, 0, 1;
    %store/vec4 v0x555d5f585250_0, 0, 1;
    %end;
    .thread T_12;
    .scope S_0x555d5f584450;
T_13 ;
    %wait E_0x555d5f543700;
    %load/vec4 v0x555d5f585170_0;
    %dup/vec4;
    %pushi/vec4 0, 0, 3;
    %cmp/u;
    %jmp/1 T_13.0, 6;
    %dup/vec4;
    %pushi/vec4 1, 0, 3;
    %cmp/u;
    %jmp/1 T_13.1, 6;
    %dup/vec4;
    %pushi/vec4 2, 0, 3;
    %cmp/u;
    %jmp/1 T_13.2, 6;
    %dup/vec4;
    %pushi/vec4 3, 0, 3;
    %cmp/u;
    %jmp/1 T_13.3, 6;
    %dup/vec4;
    %pushi/vec4 4, 0, 3;
    %cmp/u;
    %jmp/1 T_13.4, 6;
    %pushi/vec4 0, 0, 3;
    %assign/vec4 v0x555d5f585170_0, 0;
    %jmp T_13.6;
T_13.0 ;
    %pushi/vec4 1, 0, 1;
    %assign/vec4 v0x555d5f584ef0_0, 0;
    %pushi/vec4 0, 0, 1;
    %assign/vec4 v0x555d5f5853f0_0, 0;
    %pushi/vec4 0, 0, 8;
    %assign/vec4 v0x555d5f585090_0, 0;
    %pushi/vec4 0, 0, 3;
    %assign/vec4 v0x555d5f584fb0_0, 0;
    %load/vec4 v0x555d5f584c70_0;
    %cmpi/e 1, 0, 1;
    %jmp/0xz  T_13.7, 4;
    %pushi/vec4 1, 0, 1;
    %assign/vec4 v0x555d5f585250_0, 0;
    %load/vec4 v0x555d5f584bb0_0;
    %assign/vec4 v0x555d5f585310_0, 0;
    %pushi/vec4 1, 0, 3;
    %assign/vec4 v0x555d5f585170_0, 0;
    %jmp T_13.8;
T_13.7 ;
    %pushi/vec4 0, 0, 3;
    %assign/vec4 v0x555d5f585170_0, 0;
T_13.8 ;
    %jmp T_13.6;
T_13.1 ;
    %pushi/vec4 0, 0, 1;
    %assign/vec4 v0x555d5f584ef0_0, 0;
    %load/vec4 v0x555d5f585090_0;
    %pad/u 32;
    %cmpi/u 1, 0, 32;
    %jmp/0xz  T_13.9, 5;
    %load/vec4 v0x555d5f585090_0;
    %addi 1, 0, 8;
    %assign/vec4 v0x555d5f585090_0, 0;
    %pushi/vec4 1, 0, 3;
    %assign/vec4 v0x555d5f585170_0, 0;
    %jmp T_13.10;
T_13.9 ;
    %pushi/vec4 0, 0, 8;
    %assign/vec4 v0x555d5f585090_0, 0;
    %pushi/vec4 2, 0, 3;
    %assign/vec4 v0x555d5f585170_0, 0;
T_13.10 ;
    %jmp T_13.6;
T_13.2 ;
    %load/vec4 v0x555d5f585310_0;
    %load/vec4 v0x555d5f584fb0_0;
    %part/u 1;
    %assign/vec4 v0x555d5f584ef0_0, 0;
    %load/vec4 v0x555d5f585090_0;
    %pad/u 32;
    %cmpi/u 1, 0, 32;
    %jmp/0xz  T_13.11, 5;
    %load/vec4 v0x555d5f585090_0;
    %addi 1, 0, 8;
    %assign/vec4 v0x555d5f585090_0, 0;
    %pushi/vec4 2, 0, 3;
    %assign/vec4 v0x555d5f585170_0, 0;
    %jmp T_13.12;
T_13.11 ;
    %pushi/vec4 0, 0, 8;
    %assign/vec4 v0x555d5f585090_0, 0;
    %load/vec4 v0x555d5f584fb0_0;
    %pad/u 32;
    %cmpi/u 7, 0, 32;
    %jmp/0xz  T_13.13, 5;
    %load/vec4 v0x555d5f584fb0_0;
    %addi 1, 0, 3;
    %assign/vec4 v0x555d5f584fb0_0, 0;
    %pushi/vec4 2, 0, 3;
    %assign/vec4 v0x555d5f585170_0, 0;
    %jmp T_13.14;
T_13.13 ;
    %pushi/vec4 0, 0, 3;
    %assign/vec4 v0x555d5f584fb0_0, 0;
    %pushi/vec4 3, 0, 3;
    %assign/vec4 v0x555d5f585170_0, 0;
T_13.14 ;
T_13.12 ;
    %jmp T_13.6;
T_13.3 ;
    %pushi/vec4 1, 0, 1;
    %assign/vec4 v0x555d5f584ef0_0, 0;
    %load/vec4 v0x555d5f585090_0;
    %pad/u 32;
    %cmpi/u 1, 0, 32;
    %jmp/0xz  T_13.15, 5;
    %load/vec4 v0x555d5f585090_0;
    %addi 1, 0, 8;
    %assign/vec4 v0x555d5f585090_0, 0;
    %pushi/vec4 3, 0, 3;
    %assign/vec4 v0x555d5f585170_0, 0;
    %jmp T_13.16;
T_13.15 ;
    %pushi/vec4 1, 0, 1;
    %assign/vec4 v0x555d5f5853f0_0, 0;
    %pushi/vec4 0, 0, 8;
    %assign/vec4 v0x555d5f585090_0, 0;
    %pushi/vec4 4, 0, 3;
    %assign/vec4 v0x555d5f585170_0, 0;
    %pushi/vec4 0, 0, 1;
    %assign/vec4 v0x555d5f585250_0, 0;
T_13.16 ;
    %jmp T_13.6;
T_13.4 ;
    %pushi/vec4 0, 0, 1;
    %assign/vec4 v0x555d5f5853f0_0, 0;
    %pushi/vec4 0, 0, 3;
    %assign/vec4 v0x555d5f585170_0, 0;
    %jmp T_13.6;
T_13.6 ;
    %pop/vec4 1;
    %jmp T_13;
    .thread T_13;
    .scope S_0x555d5f524b50;
T_14 ;
    %wait E_0x555d5f543700;
    %load/vec4 v0x555d5f585ff0_0;
    %inv;
    %assign/vec4 v0x555d5f585f50_0, 0;
    %jmp T_14;
    .thread T_14;
    .scope S_0x555d5f518d50;
T_15 ;
    %pushi/vec4 71, 0, 7;
    %store/vec4 v0x555d5f5863e0_0, 0, 7;
    %pushi/vec4 0, 0, 1;
    %store/vec4 v0x555d5f5869a0_0, 0, 1;
    %pushi/vec4 103, 0, 8;
    %store/vec4 v0x555d5f586590_0, 0, 8;
    %pushi/vec4 20, 0, 8;
    %store/vec4 v0x555d5f586670_0, 0, 8;
    %pushi/vec4 2, 0, 2;
    %store/vec4 v0x555d5f586750_0, 0, 2;
    %pushi/vec4 7, 0, 32;
    %store/vec4 v0x555d5f586830_0, 0, 32;
    %end;
    .thread T_15;
    .scope S_0x555d5f518d50;
T_16 ;
    %pushi/vec4 1, 0, 1;
    %store/vec4 v0x555d5f586480_0, 0, 1;
    %load/vec4 v0x555d5f586480_0;
    %force/vec4 v0x555d5f5860e0_0;
    %force/link v0x555d5f5860e0_0, v0x555d5f586480_0;
    %delay 5000, 0;
T_16.0 ;
    %delay 10000, 0;
    %load/vec4 v0x555d5f586480_0;
    %inv;
    %store/vec4 v0x555d5f586480_0, 0, 1;
    %load/vec4 v0x555d5f586480_0;
    %force/vec4 v0x555d5f5860e0_0;
    %force/link v0x555d5f5860e0_0, v0x555d5f586480_0;
    %jmp T_16.0;
    %end;
    .thread T_16;
    .scope S_0x555d5f518d50;
T_17 ;
    %vpi_call 2 48 "$display", "Starting Testbench..." {0 0 0};
    %pushi/vec4 1, 0, 1;
    %store/vec4 v0x555d5f586a60_0, 0, 1;
    %delay 5000, 0;
    %pushi/vec4 0, 0, 1;
    %store/vec4 v0x555d5f586a60_0, 0, 1;
    %delay 5000, 0;
    %pushi/vec4 0, 0, 1;
    %force/vec4 v0x555d5f586230_0;
    %delay 10000, 0;
    %pushi/vec4 6, 0, 32;
    %store/vec4 v0x555d5f586830_0, 0, 32;
T_17.0 ;
    %load/vec4 v0x555d5f586830_0;
    %cmpi/s 0, 0, 32;
    %flag_inv 5; GE is !LT
    %jmp/0xz T_17.1, 5;
    %load/vec4 v0x555d5f5863e0_0;
    %load/vec4 v0x555d5f586830_0;
    %part/s 1;
    %force/vec4 v0x555d5f586230_0;
    %delay 20000, 0;
    %load/vec4 v0x555d5f586830_0;
    %subi 1, 0, 32;
    %store/vec4 v0x555d5f586830_0, 0, 32;
    %jmp T_17.0;
T_17.1 ;
    %vpi_call 2 65 "$display", "Read/Write %h SDA: %h", v0x555d5f5869a0_0, v0x555d5f586230_0 {0 0 0};
    %load/vec4 v0x555d5f5869a0_0;
    %force/vec4 v0x555d5f586230_0;
    %force/link v0x555d5f586230_0, v0x555d5f5869a0_0;
    %delay 20000, 0;
    %pushi/vec4 0, 0, 1;
    %force/vec4 v0x555d5f586230_0;
    %vpi_call 2 70 "$display", "SDA: %h", v0x555d5f586230_0 {0 0 0};
    %pushi/vec4 7, 0, 32;
    %store/vec4 v0x555d5f586830_0, 0, 32;
T_17.2 ;
    %load/vec4 v0x555d5f586830_0;
    %cmpi/s 0, 0, 32;
    %flag_inv 5; GE is !LT
    %jmp/0xz T_17.3, 5;
    %delay 20000, 0;
    %load/vec4 v0x555d5f586590_0;
    %load/vec4 v0x555d5f586830_0;
    %part/s 1;
    %force/vec4 v0x555d5f586230_0;
    %load/vec4 v0x555d5f586830_0;
    %subi 1, 0, 32;
    %store/vec4 v0x555d5f586830_0, 0, 32;
    %jmp T_17.2;
T_17.3 ;
    %delay 20000, 0;
    %pushi/vec4 0, 0, 1;
    %force/vec4 v0x555d5f586230_0;
    %pushi/vec4 7, 0, 32;
    %store/vec4 v0x555d5f586830_0, 0, 32;
T_17.4 ;
    %load/vec4 v0x555d5f586830_0;
    %cmpi/s 0, 0, 32;
    %flag_inv 5; GE is !LT
    %jmp/0xz T_17.5, 5;
    %delay 20000, 0;
    %load/vec4 v0x555d5f586670_0;
    %load/vec4 v0x555d5f586830_0;
    %part/s 1;
    %force/vec4 v0x555d5f586230_0;
    %load/vec4 v0x555d5f586830_0;
    %subi 1, 0, 32;
    %store/vec4 v0x555d5f586830_0, 0, 32;
    %jmp T_17.4;
T_17.5 ;
    %delay 20000, 0;
    %pushi/vec4 0, 0, 1;
    %force/vec4 v0x555d5f586230_0;
    %pushi/vec4 7, 0, 32;
    %store/vec4 v0x555d5f586830_0, 0, 32;
T_17.6 ;
    %load/vec4 v0x555d5f586830_0;
    %cmpi/s 0, 0, 32;
    %flag_inv 5; GE is !LT
    %jmp/0xz T_17.7, 5;
    %delay 20000, 0;
    %load/vec4 v0x555d5f586750_0;
    %pushi/vec4 8, 0, 34;
    %load/vec4 v0x555d5f586830_0;
    %pad/s 34;
    %sub;
    %part/s 1;
    %force/vec4 v0x555d5f586230_0;
    %load/vec4 v0x555d5f586830_0;
    %subi 1, 0, 32;
    %store/vec4 v0x555d5f586830_0, 0, 32;
    %jmp T_17.6;
T_17.7 ;
    %delay 20000, 0;
    %pushi/vec4 0, 0, 1;
    %force/vec4 v0x555d5f586230_0;
    %delay 30000, 0;
    %pushi/vec4 1, 0, 1;
    %force/vec4 v0x555d5f586230_0;
    %delay 1000000, 0;
    %vpi_call 2 95 "$finish" {0 0 0};
    %end;
    .thread T_17;
    .scope S_0x555d5f518d50;
T_18 ;
    %vpi_call 2 100 "$dumpfile", "dump.vcd" {0 0 0};
    %vpi_call 2 101 "$dumpvars", 32'sb00000000000000000000000000000000 {0 0 0};
    %end;
    .thread T_18;
# The file index is used to find the file name in the following table.
:file_names 7;
    "N/A";
    "<interactive>";
    "top_tb_t.v";
    "top.v";
    "./../fifo_module/fifo.v";
    "./../i2c_modules/i2c_recv.v";
    "./../uart_module/uart_tx.v";
